[2025-06-10 11:13:16,670] [INFO] 后端服务器启动中...
[2025-06-10 11:13:16,674] [INFO] 启动前端开发服务器...
[2025-06-10 11:13:16,674] [INFO] 启动虚拟摄像头...
[2025-06-10 11:13:16,675] [INFO] 前端已在浏览器中打开
[2025-06-10 11:13:16,676] [INFO] 后端服务器运行中...
[2025-06-10 11:13:16,678] [ERROR] 虚拟摄像头模块不可用
[2025-06-10 11:13:16,679] [INFO] 虚拟摄像头工作中...
[2025-06-10 11:13:24,236] [INFO] 后端服务器正在停止...
[2025-06-10 11:13:24,237] [INFO] 后端服务器已停止
[2025-06-10 11:21:26,884] [INFO] 后端服务器启动中...
[2025-06-10 11:21:26,885] [INFO] 启动前端开发服务器...
[2025-06-10 11:21:26,885] [INFO] 启动虚拟摄像头...
[2025-06-10 11:21:26,886] [INFO] 前端已在浏览器中打开
[2025-06-10 11:21:26,887] [INFO] 后端服务器运行中...
[2025-06-10 11:21:26,890] [ERROR] 虚拟摄像头模块不可用
[2025-06-10 11:21:26,890] [INFO] 虚拟摄像头工作中...
[2025-06-10 11:21:53,421] [INFO] 后端服务器正在停止...
[2025-06-10 11:21:53,421] [INFO] 后端服务器已停止
[2025-06-10 11:23:01,259] [INFO] 后端服务器启动中...
[2025-06-10 11:23:01,260] [INFO] 启动前端开发服务器...
[2025-06-10 11:23:01,261] [INFO] 启动虚拟摄像头...
[2025-06-10 11:23:01,261] [INFO] 前端已在浏览器中打开
[2025-06-10 11:23:01,262] [INFO] 后端服务器运行中...
[2025-06-10 11:23:01,264] [ERROR] 虚拟摄像头模块不可用
[2025-06-10 11:23:01,264] [INFO] 虚拟摄像头工作中...
[2025-06-10 11:23:04,262] [INFO] 前端开发服务器已启动 (http://localhost:3000)
[2025-06-10 11:23:07,670] [INFO] 前端已在浏览器中打开
[2025-06-10 11:23:07,670] [INFO] 后端服务器运行中...
[2025-06-10 11:23:11,266] [INFO] 虚拟摄像头工作中...
[2025-06-10 11:23:12,840] [INFO] 前端已在浏览器中打开
[2025-06-10 11:23:12,841] [INFO] 后端服务器运行中...
[2025-06-10 11:23:17,934] [INFO] 前端已在浏览器中打开
[2025-06-10 11:23:17,934] [INFO] 后端服务器运行中...
[2025-06-10 11:23:21,267] [INFO] 虚拟摄像头工作中...
[2025-06-10 11:23:23,104] [INFO] 前端已在浏览器中打开
[2025-06-10 11:23:23,105] [INFO] 后端服务器运行中...
[2025-06-10 11:23:28,271] [INFO] 前端已在浏览器中打开
[2025-06-10 11:23:28,271] [INFO] 后端服务器运行中...
[2025-06-10 11:23:31,268] [INFO] 虚拟摄像头工作中...
[2025-06-10 11:23:31,578] [INFO] 后端服务器正在停止...
[2025-06-10 11:23:32,274] [INFO] 后端服务器已停止
